<?xml version="1.0" encoding="UTF-8"?>
<testng-results skipped="0" failed="0" ignored="0" total="1" passed="1">
  <reporter-output>
  </reporter-output>
  <suite name="Default suite" duration-ms="55723" started-at="2018-07-09T08:02:35Z" finished-at="2018-07-09T08:03:31Z">
    <groups>
    </groups>
    <test name="Default test" duration-ms="55723" started-at="2018-07-09T08:02:35Z" finished-at="2018-07-09T08:03:31Z">
      <class name="com.innovation.regression.base.PHPTravelsSmokeTest.TEST_BookFlightFromPHPTravels">
        <test-method status="PASS" signature="instantiateDriverObject()[pri:0, instance:com.innovation.regression.base.PHPTravelsSmokeTest.TEST_BookFlightFromPHPTravels@57fffcd7]" name="instantiateDriverObject" is-config="true" duration-ms="9079" started-at="2018-07-09T08:02:26Z" finished-at="2018-07-09T08:02:35Z">
          <reporter-output>
          </reporter-output>
        </test-method> <!-- instantiateDriverObject -->
        <test-method status="PASS" signature="start()[pri:0, instance:com.innovation.regression.base.PHPTravelsSmokeTest.TEST_BookFlightFromPHPTravels@57fffcd7]" name="start" is-config="true" duration-ms="1" started-at="2018-07-09T08:02:35Z" finished-at="2018-07-09T08:02:35Z">
          <reporter-output>
          </reporter-output>
        </test-method> <!-- start -->
        <test-method status="PASS" signature="bookFlightFromPHPTravels(java.lang.String, java.lang.String)[pri:0, instance:com.innovation.regression.base.PHPTravelsSmokeTest.TEST_BookFlightFromPHPTravels@57fffcd7]" name="bookFlightFromPHPTravels" duration-ms="55687" started-at="2018-07-09T08:02:35Z" finished-at="2018-07-09T08:03:31Z">
          <params>
            <param index="0">
              <value>
                <![CDATA[CHROME]]>
              </value>
            </param>
            <param index="1">
              <value>
                <![CDATA[BaseDevelopment]]>
              </value>
            </param>
          </params>
          <reporter-output>
          </reporter-output>
        </test-method> <!-- bookFlightFromPHPTravels -->
        <test-method status="PASS" signature="end()[pri:0, instance:com.innovation.regression.base.PHPTravelsSmokeTest.TEST_BookFlightFromPHPTravels@57fffcd7]" name="end" is-config="true" duration-ms="0" started-at="2018-07-09T08:03:31Z" finished-at="2018-07-09T08:03:31Z">
          <reporter-output>
          </reporter-output>
        </test-method> <!-- end -->
        <test-method status="PASS" signature="closeDriverObjects()[pri:0, instance:com.innovation.regression.base.PHPTravelsSmokeTest.TEST_BookFlightFromPHPTravels@57fffcd7]" name="closeDriverObjects" is-config="true" duration-ms="2364" started-at="2018-07-09T08:03:31Z" finished-at="2018-07-09T08:03:34Z">
          <reporter-output>
          </reporter-output>
        </test-method> <!-- closeDriverObjects -->
      </class> <!-- com.innovation.regression.base.PHPTravelsSmokeTest.TEST_BookFlightFromPHPTravels -->
    </test> <!-- Default test -->
  </suite> <!-- Default suite -->
</testng-results>
